2025-07-03 10:27:55.960  INFO MacBookAir.lan --- [           main] c.a.s.Hooks                              : Starting scenario: Valid login with credentials
2025-07-03 10:27:55.961  INFO MacBookAir.lan --- [           main] c.a.s.Hooks                              : Scenario tags: [@smoke]
2025-07-03 10:28:00.315  INFO MacBookAir.lan --- [           main] c.a.s.LoginSteps                         : Navigating to Wejha application
2025-07-03 10:28:03.303  INFO MacBookAir.lan --- [           main] c.a.s.LoginSteps                         : Current URL: https://cms-test.wejha.com/login
2025-07-03 10:28:03.306  INFO MacBookAir.lan --- [           main] c.a.s.LoginSteps                         : Page Title: WEJHA CMS
2025-07-03 10:28:03.311  INFO MacBookAir.lan --- [           main] c.a.s.LoginSteps                         : Entering username: ajayshankarj123@gmail.com
2025-07-03 10:28:03.848  INFO MacBookAir.lan --- [           main] c.a.s.LoginSteps                         : Entering password: ************
2025-07-03 10:28:03.919  INFO MacBookAir.lan --- [           main] c.a.s.LoginSteps                         : Clicking login button
2025-07-03 10:28:03.993  INFO MacBookAir.lan --- [           main] c.a.s.LoginSteps                         : Verifying dashboard page is displayed
2025-07-03 10:28:26.154  INFO MacBookAir.lan --- [           main] c.a.s.LoginSteps                         : Dashboard displayed: false
2025-07-03 10:28:26.161  INFO MacBookAir.lan --- [           main] c.a.s.LoginSteps                         : Current URL after login: https://cms-test.wejha.com/login
2025-07-03 10:28:26.179 ERROR MacBookAir.lan --- [           main] c.a.s.Hooks                              : Scenario failed: Valid login with credentials
2025-07-03 10:28:26.764  INFO MacBookAir.lan --- [           main] c.a.s.Hooks                              : Screenshot captured for failed scenario
2025-07-03 10:28:26.924  INFO MacBookAir.lan --- [           main] c.a.s.Hooks                              : Scenario completed: Valid login with credentials
2025-07-03 10:32:21.931  INFO MacBookAir.lan --- [           main] c.a.s.Hooks                              : Starting scenario: Valid login with credentials
2025-07-03 10:32:21.934  INFO MacBookAir.lan --- [           main] c.a.s.Hooks                              : Scenario tags: [@smoke]
2025-07-03 10:32:31.600  INFO MacBookAir.lan --- [           main] c.a.s.LoginSteps                         : Navigating to Wejha application
2025-07-03 10:32:41.934  INFO MacBookAir.lan --- [           main] c.a.s.LoginSteps                         : Current URL: https://cms-test.wejha.com/login
2025-07-03 10:32:42.351  INFO MacBookAir.lan --- [           main] c.a.s.LoginSteps                         : Page Title: WEJHA CMS
2025-07-03 10:32:42.370  INFO MacBookAir.lan --- [           main] c.a.s.LoginSteps                         : Entering username: ajayshankarj123@gmail.com
2025-07-03 10:32:54.216  INFO MacBookAir.lan --- [           main] c.a.s.LoginSteps                         : Entering password: ************
2025-07-03 10:33:00.100  INFO MacBookAir.lan --- [           main] c.a.s.LoginSteps                         : Clicking login button
2025-07-03 10:33:02.795  INFO MacBookAir.lan --- [           main] c.a.s.LoginSteps                         : Verifying dashboard page is displayed
2025-07-03 10:34:12.137  INFO MacBookAir.lan --- [           main] c.a.s.LoginSteps                         : Dashboard displayed: false
2025-07-03 10:34:28.640  INFO MacBookAir.lan --- [           main] c.a.s.LoginSteps                         : Current URL after login: https://cms-test.wejha.com/admin/dashboard
2025-07-03 10:34:28.653  INFO MacBookAir.lan --- [           main] c.a.s.Hooks                              : Scenario passed: Valid login with credentials
2025-07-03 10:34:28.866  INFO MacBookAir.lan --- [           main] c.a.s.Hooks                              : Scenario completed: Valid login with credentials
2025-07-03 12:05:32.235  INFO MacBookAir.lan --- [           main] c.a.s.Hooks                              : Starting scenario: Valid login with credentials
2025-07-03 12:05:32.238  INFO MacBookAir.lan --- [           main] c.a.s.Hooks                              : Scenario tags: [@smoke]
2025-07-03 12:05:42.237  INFO MacBookAir.lan --- [           main] c.a.s.LoginSteps                         : Navigating to Wejha application
2025-07-03 12:05:52.660  INFO MacBookAir.lan --- [           main] c.a.s.LoginSteps                         : Current URL: https://cms-test.wejha.com/login
2025-07-03 12:05:53.042  INFO MacBookAir.lan --- [           main] c.a.s.LoginSteps                         : Page Title: WEJHA CMS
2025-07-03 12:05:53.060  INFO MacBookAir.lan --- [           main] c.a.s.LoginSteps                         : Entering username: ajayshankarj123@gmail.com
2025-07-03 12:06:18.807  INFO MacBookAir.lan --- [           main] c.a.s.LoginSteps                         : Entering password: ************
2025-07-03 12:06:34.743  INFO MacBookAir.lan --- [           main] c.a.s.Hooks                              : Starting scenario: Valid login with credentials
2025-07-03 12:06:34.746  INFO MacBookAir.lan --- [           main] c.a.s.Hooks                              : Scenario tags: [@smoke]
2025-07-03 12:06:42.633  INFO MacBookAir.lan --- [           main] c.a.s.LoginSteps                         : Navigating to Wejha application
2025-07-03 12:06:52.851  INFO MacBookAir.lan --- [           main] c.a.s.LoginSteps                         : Current URL: https://cms-test.wejha.com/login
2025-07-03 12:06:53.210  INFO MacBookAir.lan --- [           main] c.a.s.LoginSteps                         : Page Title: WEJHA CMS
2025-07-03 12:06:53.232  INFO MacBookAir.lan --- [           main] c.a.s.LoginSteps                         : Entering username: ajayshankarj123@gmail.com
2025-07-03 12:07:14.448  INFO MacBookAir.lan --- [           main] c.a.s.LoginSteps                         : Entering password: ************
2025-07-03 12:07:17.511  INFO MacBookAir.lan --- [           main] c.a.s.LoginSteps                         : Clicking login button
2025-07-03 12:07:26.329  INFO MacBookAir.lan --- [           main] c.a.s.LoginSteps                         : Verifying dashboard page is displayed
2025-07-03 12:08:44.744  INFO MacBookAir.lan --- [           main] c.a.s.LoginSteps                         : Dashboard displayed: false
2025-07-03 12:09:01.722  INFO MacBookAir.lan --- [           main] c.a.s.LoginSteps                         : Current URL after login: https://cms-test.wejha.com/admin/dashboard
2025-07-03 12:09:01.741  INFO MacBookAir.lan --- [           main] c.a.s.Hooks                              : Scenario passed: Valid login with credentials
2025-07-03 12:09:01.998  INFO MacBookAir.lan --- [           main] c.a.s.Hooks                              : Scenario completed: Valid login with credentials
2025-07-03 12:17:22.230  INFO MacBookAir.lan --- [           main] c.a.s.Hooks                              : Starting scenario: Valid login and content creation
2025-07-03 12:17:22.247  INFO MacBookAir.lan --- [           main] c.a.s.Hooks                              : Scenario tags: [@smoke]
2025-07-03 12:17:22.316  INFO MacBookAir.lan --- [           main] c.a.s.Hooks                              : Scenario passed: Valid login and content creation
2025-07-03 12:17:22.326  INFO MacBookAir.lan --- [           main] c.a.s.Hooks                              : Scenario completed: Valid login and content creation
2025-07-03 12:39:51.750  INFO MacBookAir.lan --- [           main] c.a.s.Hooks                              : Starting scenario: Valid login and content creation
2025-07-03 12:39:51.768  INFO MacBookAir.lan --- [           main] c.a.s.Hooks                              : Scenario tags: [@smoke]
2025-07-03 12:39:51.838  INFO MacBookAir.lan --- [           main] c.a.s.Hooks                              : Scenario passed: Valid login and content creation
2025-07-03 12:39:51.844  INFO MacBookAir.lan --- [           main] c.a.s.Hooks                              : Scenario completed: Valid login and content creation
2025-07-03 14:23:17.180  INFO MacBookAir.lan --- [           main] c.a.s.Hooks                              : Starting scenario: Valid login and content creation
2025-07-03 14:23:17.199  INFO MacBookAir.lan --- [           main] c.a.s.Hooks                              : Scenario tags: [@smoke]
2025-07-03 14:23:17.271  INFO MacBookAir.lan --- [           main] c.a.s.Hooks                              : Scenario passed: Valid login and content creation
2025-07-03 14:23:17.277  INFO MacBookAir.lan --- [           main] c.a.s.Hooks                              : Scenario completed: Valid login and content creation
2025-07-03 14:23:30.237  INFO MacBookAir.lan --- [           main] c.a.s.Hooks                              : Starting scenario: Valid login and content creation
2025-07-03 14:23:30.255  INFO MacBookAir.lan --- [           main] c.a.s.Hooks                              : Scenario tags: [@smoke]
2025-07-03 14:23:30.325  INFO MacBookAir.lan --- [           main] c.a.s.Hooks                              : Scenario passed: Valid login and content creation
2025-07-03 14:23:30.332  INFO MacBookAir.lan --- [           main] c.a.s.Hooks                              : Scenario completed: Valid login and content creation
2025-07-03 14:23:59.053  INFO MacBookAir.lan --- [           main] c.a.s.Hooks                              : Starting scenario: Valid login and content creation
2025-07-03 14:23:59.064  INFO MacBookAir.lan --- [           main] c.a.s.Hooks                              : Scenario tags: [@smoke]
2025-07-03 14:23:59.128  INFO MacBookAir.lan --- [           main] c.a.s.Hooks                              : Scenario passed: Valid login and content creation
2025-07-03 14:23:59.133  INFO MacBookAir.lan --- [           main] c.a.s.Hooks                              : Scenario completed: Valid login and content creation
2025-07-03 15:00:43.232  INFO MacBookAir.lan --- [           main] c.a.s.Hooks                              : Starting scenario: Valid login and content creation
2025-07-03 15:00:43.251  INFO MacBookAir.lan --- [           main] c.a.s.Hooks                              : Scenario tags: [@smoke]
2025-07-03 15:00:43.324  INFO MacBookAir.lan --- [           main] c.a.s.Hooks                              : Scenario passed: Valid login and content creation
2025-07-03 15:00:43.330  INFO MacBookAir.lan --- [           main] c.a.s.Hooks                              : Scenario completed: Valid login and content creation
